<?xml version="1.0" encoding="UTF-8"?>
<coverage generated="1599072321828" clover="3.2.0">
  <project timestamp="1599072321828" name="All files">
    <metrics statements="5" coveredstatements="5" conditionals="0" coveredconditionals="0" methods="3" coveredmethods="3" elements="8" coveredelements="8" complexity="0" loc="5" ncloc="5" packages="1" files="1" classes="1"/>
    <file name="blscript.js" path="/Users/forrestreiland/Desktop/javascript/haiku/src/js/blscript.js">
      <metrics statements="5" coveredstatements="5" conditionals="0" coveredconditionals="0" methods="3" coveredmethods="3"/>
      <line num="5" count="4" type="stmt"/>
      <line num="6" count="4" type="stmt"/>
      <line num="7" count="4" type="stmt"/>
      <line num="11" count="3" type="stmt"/>
      <line num="12" count="11" type="stmt"/>
    </file>
  </project>
</coverage>
