<?xml version="1.0" encoding="UTF-8"?>
<coverage generated="1599168978575" clover="3.2.0">
  <project timestamp="1599168978575" name="All files">
    <metrics statements="37" coveredstatements="37" conditionals="28" coveredconditionals="26" methods="7" coveredmethods="7" elements="72" coveredelements="70" complexity="0" loc="37" ncloc="37" packages="1" files="1" classes="1"/>
    <file name="blscript.js" path="/Users/forrestreiland/Desktop/javascript/haiku/src/js/blscript.js">
      <metrics statements="37" coveredstatements="37" conditionals="28" coveredconditionals="26" methods="7" coveredmethods="7"/>
      <line num="5" count="8" type="stmt"/>
      <line num="6" count="8" type="stmt"/>
      <line num="7" count="8" type="stmt"/>
      <line num="11" count="5" type="stmt"/>
      <line num="12" count="5" type="stmt"/>
      <line num="13" count="5" type="stmt"/>
      <line num="14" count="15" type="stmt"/>
      <line num="15" count="49" type="cond" truecount="7" falsecount="0"/>
      <line num="16" count="21" type="stmt"/>
      <line num="20" count="5" type="stmt"/>
      <line num="24" count="3" type="stmt"/>
      <line num="25" count="3" type="stmt"/>
      <line num="26" count="3" type="stmt"/>
      <line num="27" count="19" type="cond" truecount="4" falsecount="0"/>
      <line num="28" count="3" type="stmt"/>
      <line num="31" count="3" type="stmt"/>
      <line num="35" count="3" type="stmt"/>
      <line num="36" count="3" type="stmt"/>
      <line num="37" count="3" type="stmt"/>
      <line num="38" count="16" type="cond" truecount="13" falsecount="0"/>
      <line num="39" count="5" type="stmt"/>
      <line num="42" count="3" type="stmt"/>
      <line num="51" count="3" type="stmt"/>
      <line num="55" count="3" type="stmt"/>
      <line num="61" count="1" type="stmt"/>
      <line num="62" count="1" type="stmt"/>
      <line num="63" count="1" type="stmt"/>
      <line num="64" count="1" type="stmt"/>
      <line num="65" count="1" type="stmt"/>
      <line num="66" count="1" type="cond" truecount="1" falsecount="1"/>
      <line num="67" count="1" type="stmt"/>
      <line num="72" count="1" type="stmt"/>
      <line num="73" count="1" type="stmt"/>
      <line num="74" count="1" type="stmt"/>
      <line num="75" count="1" type="stmt"/>
      <line num="76" count="1" type="cond" truecount="1" falsecount="1"/>
      <line num="77" count="1" type="stmt"/>
    </file>
  </project>
</coverage>
