{"/Users/forrestreiland/Desktop/javascript/haiku/src/js/blscript.js": {"path":"/Users/forrestreiland/Desktop/javascript/haiku/src/js/blscript.js","statementMap":{"0":{"start":{"line":5,"column":4},"end":{"line":5,"column":23}},"1":{"start":{"line":6,"column":4},"end":{"line":6,"column":23}},"2":{"start":{"line":7,"column":4},"end":{"line":7,"column":23}},"3":{"start":{"line":11,"column":17},"end":{"line":11,"column":18}},"4":{"start":{"line":12,"column":20},"end":{"line":12,"column":42}},"5":{"start":{"line":13,"column":4},"end":{"line":19,"column":5}},"6":{"start":{"line":13,"column":17},"end":{"line":13,"column":18}},"7":{"start":{"line":14,"column":6},"end":{"line":18,"column":7}},"8":{"start":{"line":14,"column":19},"end":{"line":14,"column":20}},"9":{"start":{"line":15,"column":8},"end":{"line":17,"column":9}},"10":{"start":{"line":16,"column":10},"end":{"line":16,"column":22}},"11":{"start":{"line":20,"column":4},"end":{"line":20,"column":18}},"12":{"start":{"line":24,"column":21},"end":{"line":24,"column":22}},"13":{"start":{"line":25,"column":20},"end":{"line":25,"column":42}},"14":{"start":{"line":26,"column":4},"end":{"line":30,"column":5}},"15":{"start":{"line":26,"column":17},"end":{"line":26,"column":18}},"16":{"start":{"line":27,"column":6},"end":{"line":29,"column":7}},"17":{"start":{"line":28,"column":8},"end":{"line":28,"column":24}},"18":{"start":{"line":31,"column":4},"end":{"line":31,"column":22}},"19":{"start":{"line":35,"column":20},"end":{"line":35,"column":21}},"20":{"start":{"line":36,"column":20},"end":{"line":36,"column":42}},"21":{"start":{"line":37,"column":4},"end":{"line":41,"column":5}},"22":{"start":{"line":37,"column":17},"end":{"line":37,"column":18}},"23":{"start":{"line":38,"column":6},"end":{"line":40,"column":7}},"24":{"start":{"line":39,"column":8},"end":{"line":39,"column":23}},"25":{"start":{"line":42,"column":4},"end":{"line":42,"column":21}},"26":{"start":{"line":51,"column":12},"end":{"line":51,"column":36}},"27":{"start":{"line":55,"column":2},"end":{"line":55,"column":13}},"28":{"start":{"line":61,"column":18},"end":{"line":61,"column":40}},"29":{"start":{"line":62,"column":16},"end":{"line":62,"column":39}},"30":{"start":{"line":63,"column":19},"end":{"line":63,"column":39}},"31":{"start":{"line":64,"column":18},"end":{"line":64,"column":58}},"32":{"start":{"line":65,"column":2},"end":{"line":65,"column":25}},"33":{"start":{"line":66,"column":2},"end":{"line":66,"column":56}},"34":{"start":{"line":67,"column":2},"end":{"line":67,"column":21}},"35":{"start":{"line":72,"column":18},"end":{"line":72,"column":41}},"36":{"start":{"line":73,"column":16},"end":{"line":73,"column":40}},"37":{"start":{"line":74,"column":19},"end":{"line":74,"column":40}},"38":{"start":{"line":75,"column":18},"end":{"line":75,"column":58}},"39":{"start":{"line":76,"column":2},"end":{"line":76,"column":56}},"40":{"start":{"line":77,"column":2},"end":{"line":77,"column":21}}},"fnMap":{"0":{"name":"(anonymous_0)","decl":{"start":{"line":4,"column":2},"end":{"line":4,"column":3}},"loc":{"start":{"line":4,"column":35},"end":{"line":8,"column":3}},"line":4},"1":{"name":"(anonymous_1)","decl":{"start":{"line":10,"column":2},"end":{"line":10,"column":3}},"loc":{"start":{"line":10,"column":20},"end":{"line":21,"column":3}},"line":10},"2":{"name":"(anonymous_2)","decl":{"start":{"line":23,"column":2},"end":{"line":23,"column":3}},"loc":{"start":{"line":23,"column":21},"end":{"line":32,"column":3}},"line":23},"3":{"name":"(anonymous_3)","decl":{"start":{"line":34,"column":2},"end":{"line":34,"column":3}},"loc":{"start":{"line":34,"column":18},"end":{"line":43,"column":3}},"line":34},"4":{"name":"sylCount","decl":{"start":{"line":50,"column":16},"end":{"line":50,"column":24}},"loc":{"start":{"line":50,"column":49},"end":{"line":56,"column":1}},"line":50},"5":{"name":"fiveSyl","decl":{"start":{"line":59,"column":16},"end":{"line":59,"column":23}},"loc":{"start":{"line":59,"column":36},"end":{"line":68,"column":1}},"line":59},"6":{"name":"sevenSyl","decl":{"start":{"line":71,"column":16},"end":{"line":71,"column":24}},"loc":{"start":{"line":71,"column":38},"end":{"line":78,"column":1}},"line":71}},"branchMap":{"0":{"loc":{"start":{"line":15,"column":8},"end":{"line":17,"column":9}},"type":"if","locations":[{"start":{"line":15,"column":8},"end":{"line":17,"column":9}},{"start":{"line":15,"column":8},"end":{"line":17,"column":9}}],"line":15},"1":{"loc":{"start":{"line":15,"column":12},"end":{"line":15,"column":143}},"type":"binary-expr","locations":[{"start":{"line":15,"column":12},"end":{"line":15,"column":35}},{"start":{"line":15,"column":39},"end":{"line":15,"column":62}},{"start":{"line":15,"column":66},"end":{"line":15,"column":89}},{"start":{"line":15,"column":93},"end":{"line":15,"column":116}},{"start":{"line":15,"column":120},"end":{"line":15,"column":143}}],"line":15},"2":{"loc":{"start":{"line":27,"column":6},"end":{"line":29,"column":7}},"type":"if","locations":[{"start":{"line":27,"column":6},"end":{"line":29,"column":7}},{"start":{"line":27,"column":6},"end":{"line":29,"column":7}}],"line":27},"3":{"loc":{"start":{"line":27,"column":10},"end":{"line":27,"column":68}},"type":"binary-expr","locations":[{"start":{"line":27,"column":10},"end":{"line":27,"column":36}},{"start":{"line":27,"column":40},"end":{"line":27,"column":68}}],"line":27},"4":{"loc":{"start":{"line":38,"column":6},"end":{"line":40,"column":7}},"type":"if","locations":[{"start":{"line":38,"column":6},"end":{"line":40,"column":7}},{"start":{"line":38,"column":6},"end":{"line":40,"column":7}}],"line":38},"5":{"loc":{"start":{"line":38,"column":10},"end":{"line":38,"column":347}},"type":"binary-expr","locations":[{"start":{"line":38,"column":10},"end":{"line":38,"column":37}},{"start":{"line":38,"column":41},"end":{"line":38,"column":68}},{"start":{"line":38,"column":72},"end":{"line":38,"column":99}},{"start":{"line":38,"column":103},"end":{"line":38,"column":130}},{"start":{"line":38,"column":134},"end":{"line":38,"column":161}},{"start":{"line":38,"column":165},"end":{"line":38,"column":192}},{"start":{"line":38,"column":196},"end":{"line":38,"column":223}},{"start":{"line":38,"column":227},"end":{"line":38,"column":254}},{"start":{"line":38,"column":258},"end":{"line":38,"column":285}},{"start":{"line":38,"column":289},"end":{"line":38,"column":316}},{"start":{"line":38,"column":320},"end":{"line":38,"column":347}}],"line":38},"6":{"loc":{"start":{"line":66,"column":2},"end":{"line":66,"column":55}},"type":"cond-expr","locations":[{"start":{"line":66,"column":19},"end":{"line":66,"column":35}},{"start":{"line":66,"column":38},"end":{"line":66,"column":55}}],"line":66},"7":{"loc":{"start":{"line":76,"column":2},"end":{"line":76,"column":55}},"type":"cond-expr","locations":[{"start":{"line":76,"column":19},"end":{"line":76,"column":35}},{"start":{"line":76,"column":38},"end":{"line":76,"column":55}}],"line":76}},"s":{"0":8,"1":8,"2":8,"3":5,"4":5,"5":5,"6":5,"7":15,"8":15,"9":49,"10":21,"11":5,"12":3,"13":3,"14":3,"15":3,"16":19,"17":3,"18":3,"19":3,"20":3,"21":3,"22":3,"23":16,"24":5,"25":3,"26":3,"27":3,"28":1,"29":1,"30":1,"31":1,"32":1,"33":1,"34":1,"35":1,"36":1,"37":1,"38":1,"39":1,"40":1},"f":{"0":8,"1":5,"2":3,"3":3,"4":3,"5":1,"6":1},"b":{"0":[21,28],"1":[49,45,39,36,28],"2":[3,16],"3":[19,6],"4":[5,11],"5":[16,16,15,13,12,12,12,11,11,11,11],"6":[1,0],"7":[1,0]},"_coverageSchema":"43e27e138ebf9cfc5966b082cf9a028302ed4184","hash":"ff5bf53b6999e6dff8279f92034738cc60184243"}
}
