TN:
SF:/Users/forrestreiland/Desktop/javascript/haiku/src/js/blscript.js
FN:4,(anonymous_0)
FN:10,(anonymous_1)
FN:23,(anonymous_2)
FN:34,(anonymous_3)
FN:50,sylCount
FN:59,fiveSyl
FN:71,sevenSyl
FNF:7
FNH:7
FNDA:8,(anonymous_0)
FNDA:5,(anonymous_1)
FNDA:3,(anonymous_2)
FNDA:3,(anonymous_3)
FNDA:3,sylCount
FNDA:1,fiveSyl
FNDA:1,sevenSyl
DA:5,8
DA:6,8
DA:7,8
DA:11,5
DA:12,5
DA:13,5
DA:14,15
DA:15,49
DA:16,21
DA:20,5
DA:24,3
DA:25,3
DA:26,3
DA:27,19
DA:28,3
DA:31,3
DA:35,3
DA:36,3
DA:37,3
DA:38,16
DA:39,5
DA:42,3
DA:51,3
DA:55,3
DA:61,1
DA:62,1
DA:63,1
DA:64,1
DA:65,1
DA:66,1
DA:67,1
DA:72,1
DA:73,1
DA:74,1
DA:75,1
DA:76,1
DA:77,1
LF:37
LH:37
BRDA:15,0,0,21
BRDA:15,0,1,28
BRDA:15,1,0,49
BRDA:15,1,1,45
BRDA:15,1,2,39
BRDA:15,1,3,36
BRDA:15,1,4,28
BRDA:27,2,0,3
BRDA:27,2,1,16
BRDA:27,3,0,19
BRDA:27,3,1,6
BRDA:38,4,0,5
BRDA:38,4,1,11
BRDA:38,5,0,16
BRDA:38,5,1,16
BRDA:38,5,2,15
BRDA:38,5,3,13
BRDA:38,5,4,12
BRDA:38,5,5,12
BRDA:38,5,6,12
BRDA:38,5,7,11
BRDA:38,5,8,11
BRDA:38,5,9,11
BRDA:38,5,10,11
BRDA:66,6,0,1
BRDA:66,6,1,0
BRDA:76,7,0,1
BRDA:76,7,1,0
BRF:28
BRH:26
end_of_record
